"../../../Engine/Content/EditorResources/S_Actor.ubulk" 0
"../../../Engine/Content/EditorResources/S_Actor.uasset" 1
"../../../Engine/Content/EditorResources/S_Actor.uexp" 2
"../../../Engine/Content/EditorResources/S_BoxReflectionCapture.uasset" 3
"../../../Engine/Content/EditorResources/S_BoxReflectionCapture.uexp" 4
"../../../Engine/Content/EngineResources/DefaultTexture.ubulk" 5
"../../../Engine/Content/EngineResources/DefaultTexture.uasset" 6
"../../../Engine/Content/EngineResources/DefaultTexture.uexp" 7
"../../../Engine/Content/EngineResources/DefaultTextureCube.uasset" 8
"../../../Engine/Content/EngineResources/DefaultTextureCube.uexp" 9
"../../../Engine/Content/EngineResources/DefaultVolumeTexture2D.uasset" 10
"../../../Engine/Content/EngineResources/DefaultVolumeTexture2D.uexp" 11
"../../../Engine/Content/EngineResources/DefaultVolumeTexture.uasset" 12
"../../../Engine/Content/EngineResources/DefaultVolumeTexture.uexp" 13
"../../../Engine/Content/EditorResources/S_Trigger.ubulk" 14
"../../../Engine/Content/EditorResources/S_Trigger.uasset" 15
"../../../Engine/Content/EditorResources/S_Trigger.uexp" 16
"../../../Engine/Content/EditorResources/S_TriggerBox.uasset" 17
"../../../Engine/Content/EditorResources/S_TriggerBox.uexp" 18
"../../../Engine/Content/EditorResources/S_TriggerCapsule.uasset" 19
"../../../Engine/Content/EditorResources/S_TriggerCapsule.uexp" 20
"../../../Engine/Content/EditorResources/S_TriggerSphere.uasset" 21
"../../../Engine/Content/EditorResources/S_TriggerSphere.uexp" 22
"../../../Engine/Content/EngineMeshes/Sphere.ubulk" 23
"../../../Engine/Content/EngineMeshes/Sphere.uasset" 24
"../../../Engine/Content/EngineMeshes/Sphere.uexp" 25
"../../../Engine/Content/EngineResources/GradientTexture0.uasset" 26
"../../../Engine/Content/EngineResources/GradientTexture0.uexp" 27
"../../../Engine/Content/EngineResources/Black.uasset" 28
"../../../Engine/Content/EngineResources/Black.uexp" 29
"../../../Engine/Content/VREditor/LaserPointer/VR_LaserPower_01.ubulk" 30
"../../../Engine/Content/VREditor/LaserPointer/VR_LaserPower_01.uasset" 31
"../../../Engine/Content/VREditor/LaserPointer/VR_LaserPower_01.uexp" 32
"../../../Engine/Content/VREditor/TransformGizmo/TransformGizmoMaterial.uasset" 33
"../../../Engine/Content/VREditor/TransformGizmo/TransformGizmoMaterial.uexp" 34
"../../../Engine/Content/VREditor/TransformGizmo/TranslucentTransformGizmoMaterial.uasset" 35
"../../../Engine/Content/VREditor/TransformGizmo/TranslucentTransformGizmoMaterial.uexp" 36
"../../../Engine/Content/VREditor/TransformGizmo/PlaneTranslationHandle.ubulk" 37
"../../../Engine/Content/VREditor/TransformGizmo/PlaneTranslationHandle.uasset" 38
"../../../Engine/Content/VREditor/TransformGizmo/PlaneTranslationHandle.uexp" 39
"../../../Engine/Content/VREditor/TransformGizmo/BoundingBoxCorner.ubulk" 40
"../../../Engine/Content/VREditor/TransformGizmo/BoundingBoxCorner.uasset" 41
"../../../Engine/Content/VREditor/TransformGizmo/BoundingBoxCorner.uexp" 42
"../../../Engine/Content/VREditor/TransformGizmo/BoundingBoxEdge.ubulk" 43
"../../../Engine/Content/VREditor/TransformGizmo/BoundingBoxEdge.uasset" 44
"../../../Engine/Content/VREditor/TransformGizmo/BoundingBoxEdge.uexp" 45
"../../../Engine/Content/VREditor/TransformGizmo/Main.uasset" 46
"../../../Engine/Content/VREditor/TransformGizmo/Main.uexp" 47
"../../../Engine/Content/VREditor/TransformGizmo/Xray.uasset" 48
"../../../Engine/Content/VREditor/TransformGizmo/Xray.uexp" 49
"../../../Engine/Content/VREditor/TransformGizmo/SM_Sequencer_Node.ubulk" 50
"../../../Engine/Content/VREditor/TransformGizmo/SM_Sequencer_Node.uasset" 51
"../../../Engine/Content/VREditor/TransformGizmo/SM_Sequencer_Node.uexp" 52
"../../../Engine/Content/EditorMaterials/Camera/CineMat.uasset" 53
"../../../Engine/Content/EditorMaterials/Camera/CineMat.uexp" 54
"../../../Engine/Content/EditorMaterials/Camera/MI_CineMat_Rig.uasset" 55
"../../../Engine/Content/EditorMaterials/Camera/MI_CineMat_Rig.uexp" 56
"../../../Engine/Content/EditorMeshes/Camera/SM_CraneRig_Base.ubulk" 57
"../../../Engine/Content/EditorMeshes/Camera/SM_CraneRig_Base.uasset" 58
"../../../Engine/Content/EditorMeshes/Camera/SM_CraneRig_Base.uexp" 59
"../../../Engine/Content/EditorMeshes/Camera/SM_CraneRig_Arm.ubulk" 60
"../../../Engine/Content/EditorMeshes/Camera/SM_CraneRig_Arm.uasset" 61
"../../../Engine/Content/EditorMeshes/Camera/SM_CraneRig_Arm.uexp" 62
"../../../Engine/Content/EditorMeshes/Camera/SM_CraneRig_Mount.ubulk" 63
"../../../Engine/Content/EditorMeshes/Camera/SM_CraneRig_Mount.uasset" 64
"../../../Engine/Content/EditorMeshes/Camera/SM_CraneRig_Mount.uexp" 65
"../../../Engine/Content/EditorMeshes/Camera/SM_CraneRig_Body.ubulk" 66
"../../../Engine/Content/EditorMeshes/Camera/SM_CraneRig_Body.uasset" 67
"../../../Engine/Content/EditorMeshes/Camera/SM_CraneRig_Body.uexp" 68
"../../../Engine/Content/EditorMeshes/Camera/SM_RailRig_Track.ubulk" 69
"../../../Engine/Content/EditorMeshes/Camera/SM_RailRig_Track.uasset" 70
"../../../Engine/Content/EditorMeshes/Camera/SM_RailRig_Track.uexp" 71
"../../../Engine/Content/EditorMeshes/Camera/SM_RailRig_Mount.ubulk" 72
"../../../Engine/Content/EditorMeshes/Camera/SM_RailRig_Mount.uasset" 73
"../../../Engine/Content/EditorMeshes/Camera/SM_RailRig_Mount.uexp" 74
"../../../Engine/Content/EngineMaterials/T_Default_Material_Grid_M.ubulk" 75
"../../../Engine/Content/EngineMaterials/T_Default_Material_Grid_M.uasset" 76
"../../../Engine/Content/EngineMaterials/T_Default_Material_Grid_M.uexp" 77
"../../../Engine/Content/EngineMaterials/T_Default_Material_Grid_N.ubulk" 78
"../../../Engine/Content/EngineMaterials/T_Default_Material_Grid_N.uasset" 79
"../../../Engine/Content/EngineMaterials/T_Default_Material_Grid_N.uexp" 80
"../../../Engine/Content/Functions/Engine_MaterialFunctions01/Opacity/CameraDepthFade.uasset" 81
"../../../Engine/Content/Functions/Engine_MaterialFunctions01/Opacity/CameraDepthFade.uexp" 82
"../../../Engine/Content/EngineMaterials/WorldGridMaterial.uasset" 83
"../../../Engine/Content/EngineMaterials/WorldGridMaterial.uexp" 84
"../../../Engine/Content/ArtTools/RenderToTexture/Meshes/S_1_Unit_Plane.ubulk" 85
"../../../Engine/Content/ArtTools/RenderToTexture/Meshes/S_1_Unit_Plane.uasset" 86
"../../../Engine/Content/ArtTools/RenderToTexture/Meshes/S_1_Unit_Plane.uexp" 87
"../../../Engine/Content/EditorMaterials/ParticleSystems/PSysThumbnail_NoImage.ubulk" 88
"../../../Engine/Content/EditorMaterials/ParticleSystems/PSysThumbnail_NoImage.uasset" 89
"../../../Engine/Content/EditorMaterials/ParticleSystems/PSysThumbnail_NoImage.uexp" 90
"../../../Engine/Content/EditorMaterials/ParticleSystems/PSysThumbnail_OOD.ubulk" 91
"../../../Engine/Content/EditorMaterials/ParticleSystems/PSysThumbnail_OOD.uasset" 92
"../../../Engine/Content/EditorMaterials/ParticleSystems/PSysThumbnail_OOD.uexp" 93
"../../../Engine/Content/EditorLandscapeResources/SplineEditorMeshMat.uasset" 94
"../../../Engine/Content/EditorLandscapeResources/SplineEditorMeshMat.uexp" 95
"../../../Engine/Content/EditorLandscapeResources/SplineEditorMesh.ubulk" 96
"../../../Engine/Content/EditorLandscapeResources/SplineEditorMesh.uasset" 97
"../../../Engine/Content/EditorLandscapeResources/SplineEditorMesh.uexp" 98
"../../../Engine/Content/EditorResources/S_Solver.ubulk" 99
"../../../Engine/Content/EditorResources/S_Solver.uasset" 100
"../../../Engine/Content/EditorResources/S_Solver.uexp" 101
"../../../Engine/Plugins/Media/MediaPlate/Content/SM_MediaPlateScreen.ubulk" 102
"../../../Engine/Plugins/Media/MediaPlate/Content/SM_MediaPlateScreen.uasset" 103
"../../../Engine/Plugins/Media/MediaPlate/Content/SM_MediaPlateScreen.uexp" 104
"../../../Engine/Content/EngineMaterials/Good64x64TilingNoiseHighFreq.uasset" 105
"../../../Engine/Content/EngineMaterials/Good64x64TilingNoiseHighFreq.uexp" 106
"../../../Engine/Content/EngineMaterials/DefaultBokeh.uasset" 107
"../../../Engine/Content/EngineMaterials/DefaultBokeh.uexp" 108
"../../../Engine/Content/EngineMaterials/PreintegratedSkinBRDF.uasset" 109
"../../../Engine/Content/EngineMaterials/PreintegratedSkinBRDF.uexp" 110
"../../../Engine/Content/EngineMaterials/MiniFont.uasset" 111
"../../../Engine/Content/EngineMaterials/MiniFont.uexp" 112
"../../../Engine/Content/EngineMaterials/WeightMapPlaceholderTexture.uasset" 113
"../../../Engine/Content/EngineMaterials/WeightMapPlaceholderTexture.uexp" 114
"../../../Engine/Content/EngineMaterials/DefaultWhiteGrid.ubulk" 115
"../../../Engine/Content/EngineMaterials/DefaultWhiteGrid.uasset" 116
"../../../Engine/Content/EngineMaterials/DefaultWhiteGrid.uexp" 117
"../../../Engine/Plugins/2D/Paper2D/Content/PlaceholderTextures/DummySpriteTexture.ubulk" 118
"../../../Engine/Plugins/2D/Paper2D/Content/PlaceholderTextures/DummySpriteTexture.uasset" 119
"../../../Engine/Plugins/2D/Paper2D/Content/PlaceholderTextures/DummySpriteTexture.uexp" 120
"../../../Engine/Plugins/2D/Paper2D/Content/DefaultSpriteMaterial.uasset" 121
"../../../Engine/Plugins/2D/Paper2D/Content/DefaultSpriteMaterial.uexp" 122
"../../../Engine/Plugins/2D/Paper2D/Content/OpaqueUnlitSpriteMaterial.uasset" 123
"../../../Engine/Plugins/2D/Paper2D/Content/OpaqueUnlitSpriteMaterial.uexp" 124
"../../../Engine/Plugins/2D/Paper2D/Content/MaskedUnlitSpriteMaterial.uasset" 125
"../../../Engine/Plugins/2D/Paper2D/Content/MaskedUnlitSpriteMaterial.uexp" 126
"../../../Engine/Plugins/2D/Paper2D/Content/DummySprite.uasset" 127
"../../../Engine/Plugins/2D/Paper2D/Content/DummySprite.uexp" 128
"../../../Engine/Plugins/2D/Paper2D/Content/DefaultPaperTerrainMaterial.uasset" 129
"../../../Engine/Plugins/2D/Paper2D/Content/DefaultPaperTerrainMaterial.uexp" 130
"../../../Engine/Plugins/Runtime/WebBrowserWidget/Content/WebTexture_T.uasset" 131
"../../../Engine/Plugins/Runtime/WebBrowserWidget/Content/WebTexture_T.uexp" 132
"../../../Engine/Plugins/Runtime/WebBrowserWidget/Content/WebTexture_TM.uasset" 133
"../../../Engine/Plugins/Runtime/WebBrowserWidget/Content/WebTexture_TM.uexp" 134
"../../../Engine/Plugins/Runtime/WebBrowserWidget/Content/WebTexture_M.uasset" 135
"../../../Engine/Plugins/Runtime/WebBrowserWidget/Content/WebTexture_M.uexp" 136
"../../../Engine/Plugins/Experimental/CommonUI/Content/DefaultMediaTexture.uasset" 137
"../../../Engine/Plugins/Experimental/CommonUI/Content/DefaultMediaTexture.uexp" 138
"../../../Engine/Plugins/Experimental/CommonUI/Content/VideoPlayerMaterial.uasset" 139
"../../../Engine/Plugins/Experimental/CommonUI/Content/VideoPlayerMaterial.uexp" 140
"../../../Engine/Content/Functions/Engine_MaterialFunctions02/WorldPositionOffset/CameraOffset.uasset" 141
"../../../Engine/Content/Functions/Engine_MaterialFunctions02/WorldPositionOffset/CameraOffset.uexp" 142
"../../../Engine/Plugins/Animation/ControlRig/Content/M_Manip.uasset" 143
"../../../Engine/Plugins/Animation/ControlRig/Content/M_Manip.uexp" 144
"../../../Engine/Content/Animation/DefaultRecorderBoneCompression.uasset" 145
"../../../Engine/Content/Animation/DefaultRecorderBoneCompression.uexp" 146
"../../../Engine/Content/Animation/DefaultAnimCurveCompressionSettings.uasset" 147
"../../../Engine/Content/Animation/DefaultAnimCurveCompressionSettings.uexp" 148
"../../../Engine/Content/Animation/DefaultAnimBoneCompressionSettings.uasset" 149
"../../../Engine/Content/Animation/DefaultAnimBoneCompressionSettings.uexp" 150
"../../../Engine/Content/EngineMaterials/DefaultMaterial.uasset" 151
"../../../Engine/Content/EngineMaterials/DefaultMaterial.uexp" 152
"../../../Engine/Content/BasicShapes/Sphere.ubulk" 153
"../../../Engine/Content/BasicShapes/Sphere.uasset" 154
"../../../Engine/Content/BasicShapes/Sphere.uexp" 155
"../../../Engine/Content/BasicShapes/Plane.ubulk" 156
"../../../Engine/Content/BasicShapes/Plane.uasset" 157
"../../../Engine/Content/BasicShapes/Plane.uexp" 158
"../../../Engine/Content/BasicShapes/Cylinder.ubulk" 159
"../../../Engine/Content/BasicShapes/Cylinder.uasset" 160
"../../../Engine/Content/BasicShapes/Cylinder.uexp" 161
"../../../Engine/Content/BasicShapes/Cube.ubulk" 162
"../../../Engine/Content/BasicShapes/Cube.uasset" 163
"../../../Engine/Content/BasicShapes/Cube.uexp" 164
"../../../Engine/Content/BasicShapes/Cone.ubulk" 165
"../../../Engine/Content/BasicShapes/Cone.uasset" 166
"../../../Engine/Content/BasicShapes/Cone.uexp" 167
"../../../Engine/Content/EditorResources/S_Terrain.ubulk" 168
"../../../Engine/Content/EditorResources/S_Terrain.uasset" 169
"../../../Engine/Content/EditorResources/S_Terrain.uexp" 170
"../../../Engine/Content/EngineSounds/Master.uasset" 171
"../../../Engine/Content/EngineSounds/Master.uexp" 172
"../../../Engine/Plugins/Animation/ControlRig/Content/Controls/DefaultGizmoLibraryNormalized.uasset" 173
"../../../Engine/Plugins/Animation/ControlRig/Content/Controls/DefaultGizmoLibraryNormalized.uexp" 174
"../../../Engine/Plugins/Animation/ControlRig/Content/Controls/ControlRig_Wedge_solid.ubulk" 175
"../../../Engine/Plugins/Animation/ControlRig/Content/Controls/ControlRig_Wedge_solid.uasset" 176
"../../../Engine/Plugins/Animation/ControlRig/Content/Controls/ControlRig_Wedge_solid.uexp" 177
"../../../Engine/Plugins/Animation/ControlRig/Content/Controls/ControlRig_Wedge_3mm.ubulk" 178
"../../../Engine/Plugins/Animation/ControlRig/Content/Controls/ControlRig_Wedge_3mm.uasset" 179
"../../../Engine/Plugins/Animation/ControlRig/Content/Controls/ControlRig_Wedge_3mm.uexp" 180
"../../../Engine/Plugins/Animation/ControlRig/Content/Controls/ControlRig_Wedge_1mm.ubulk" 181
"../../../Engine/Plugins/Animation/ControlRig/Content/Controls/ControlRig_Wedge_1mm.uasset" 182
"../../../Engine/Plugins/Animation/ControlRig/Content/Controls/ControlRig_Wedge_1mm.uexp" 183
"../../../Engine/Plugins/Animation/ControlRig/Content/Controls/ControlRig_Triangle_solid.ubulk" 184
"../../../Engine/Plugins/Animation/ControlRig/Content/Controls/ControlRig_Triangle_solid.uasset" 185
"../../../Engine/Plugins/Animation/ControlRig/Content/Controls/ControlRig_Triangle_solid.uexp" 186
"../../../Engine/Plugins/Animation/ControlRig/Content/Controls/ControlRig_Triangle_3mm.ubulk" 187
"../../../Engine/Plugins/Animation/ControlRig/Content/Controls/ControlRig_Triangle_3mm.uasset" 188
"../../../Engine/Plugins/Animation/ControlRig/Content/Controls/ControlRig_Triangle_3mm.uexp" 189
"../../../Engine/Plugins/Animation/ControlRig/Content/Controls/ControlRig_Triangle_1mm.ubulk" 190
"../../../Engine/Plugins/Animation/ControlRig/Content/Controls/ControlRig_Triangle_1mm.uasset" 191
"../../../Engine/Plugins/Animation/ControlRig/Content/Controls/ControlRig_Triangle_1mm.uexp" 192
"../../../Engine/Plugins/Animation/ControlRig/Content/Controls/ControlRig_Star4_solid.ubulk" 193
"../../../Engine/Plugins/Animation/ControlRig/Content/Controls/ControlRig_Star4_solid.uasset" 194
"../../../Engine/Plugins/Animation/ControlRig/Content/Controls/ControlRig_Star4_solid.uexp" 195
"../../../Engine/Plugins/Animation/ControlRig/Content/Controls/ControlRig_Star4_3mm.ubulk" 196
"../../../Engine/Plugins/Animation/ControlRig/Content/Controls/ControlRig_Star4_3mm.uasset" 197
"../../../Engine/Plugins/Animation/ControlRig/Content/Controls/ControlRig_Star4_3mm.uexp" 198
"../../../Engine/Plugins/Animation/ControlRig/Content/Controls/ControlRig_Star4_1mm.ubulk" 199
"../../../Engine/Plugins/Animation/ControlRig/Content/Controls/ControlRig_Star4_1mm.uasset" 200
"../../../Engine/Plugins/Animation/ControlRig/Content/Controls/ControlRig_Star4_1mm.uexp" 201
"../../../Engine/Plugins/Animation/ControlRig/Content/Controls/ControlRig_Square_solid.ubulk" 202
"../../../Engine/Plugins/Animation/ControlRig/Content/Controls/ControlRig_Square_solid.uasset" 203
"../../../Engine/Plugins/Animation/ControlRig/Content/Controls/ControlRig_Square_solid.uexp" 204
"../../../Engine/Plugins/Animation/ControlRig/Content/Controls/ControlRig_Square_3mm.ubulk" 205
"../../../Engine/Plugins/Animation/ControlRig/Content/Controls/ControlRig_Square_3mm.uasset" 206
"../../../Engine/Plugins/Animation/ControlRig/Content/Controls/ControlRig_Square_3mm.uexp" 207
"../../../Engine/Plugins/Animation/ControlRig/Content/Controls/ControlRig_Square_1mm.ubulk" 208
"../../../Engine/Plugins/Animation/ControlRig/Content/Controls/ControlRig_Square_1mm.uasset" 209
"../../../Engine/Plugins/Animation/ControlRig/Content/Controls/ControlRig_Square_1mm.uexp" 210
"../../../Engine/Plugins/Animation/ControlRig/Content/Controls/ControlRig_Sphere_solid.ubulk" 211
"../../../Engine/Plugins/Animation/ControlRig/Content/Controls/ControlRig_Sphere_solid.uasset" 212
"../../../Engine/Plugins/Animation/ControlRig/Content/Controls/ControlRig_Sphere_solid.uexp" 213
"../../../Engine/Plugins/Animation/ControlRig/Content/Controls/ControlRig_Sphere_3mm.ubulk" 214
"../../../Engine/Plugins/Animation/ControlRig/Content/Controls/ControlRig_Sphere_3mm.uasset" 215
"../../../Engine/Plugins/Animation/ControlRig/Content/Controls/ControlRig_Sphere_3mm.uexp" 216
"../../../Engine/Plugins/Animation/ControlRig/Content/Controls/ControlRig_Sphere_1mm.ubulk" 217
"../../../Engine/Plugins/Animation/ControlRig/Content/Controls/ControlRig_Sphere_1mm.uasset" 218
"../../../Engine/Plugins/Animation/ControlRig/Content/Controls/ControlRig_Sphere_1mm.uexp" 219
"../../../Engine/Plugins/Animation/ControlRig/Content/Controls/ControlRig_RoundedTriangle_solid.ubulk" 220
"../../../Engine/Plugins/Animation/ControlRig/Content/Controls/ControlRig_RoundedTriangle_solid.uasset" 221
"../../../Engine/Plugins/Animation/ControlRig/Content/Controls/ControlRig_RoundedTriangle_solid.uexp" 222
"../../../Engine/Plugins/Animation/ControlRig/Content/Controls/ControlRig_RoundedTriangle_3mm.ubulk" 223
"../../../Engine/Plugins/Animation/ControlRig/Content/Controls/ControlRig_RoundedTriangle_3mm.uasset" 224
"../../../Engine/Plugins/Animation/ControlRig/Content/Controls/ControlRig_RoundedTriangle_3mm.uexp" 225
"../../../Engine/Plugins/Animation/ControlRig/Content/Controls/ControlRig_RoundedTriangle_1mm.ubulk" 226
"../../../Engine/Plugins/Animation/ControlRig/Content/Controls/ControlRig_RoundedTriangle_1mm.uasset" 227
"../../../Engine/Plugins/Animation/ControlRig/Content/Controls/ControlRig_RoundedTriangle_1mm.uexp" 228
"../../../Engine/Plugins/Animation/ControlRig/Content/Controls/ControlRig_RoundedSquare_solid.ubulk" 229
"../../../Engine/Plugins/Animation/ControlRig/Content/Controls/ControlRig_RoundedSquare_solid.uasset" 230
"../../../Engine/Plugins/Animation/ControlRig/Content/Controls/ControlRig_RoundedSquare_solid.uexp" 231
"../../../Engine/Plugins/Animation/ControlRig/Content/Controls/ControlRig_RoundedSquare_3mm.ubulk" 232
"../../../Engine/Plugins/Animation/ControlRig/Content/Controls/ControlRig_RoundedSquare_3mm.uasset" 233
"../../../Engine/Plugins/Animation/ControlRig/Content/Controls/ControlRig_RoundedSquare_3mm.uexp" 234
"../../../Engine/Plugins/Animation/ControlRig/Content/Controls/ControlRig_RoundedSquare_1mm.ubulk" 235
"../../../Engine/Plugins/Animation/ControlRig/Content/Controls/ControlRig_RoundedSquare_1mm.uasset" 236
"../../../Engine/Plugins/Animation/ControlRig/Content/Controls/ControlRig_RoundedSquare_1mm.uexp" 237
"../../../Engine/Plugins/Animation/ControlRig/Content/Controls/ControlRig_QuarterCircle_solid.ubulk" 238
"../../../Engine/Plugins/Animation/ControlRig/Content/Controls/ControlRig_QuarterCircle_solid.uasset" 239
"../../../Engine/Plugins/Animation/ControlRig/Content/Controls/ControlRig_QuarterCircle_solid.uexp" 240
"../../../Engine/Plugins/Animation/ControlRig/Content/Controls/ControlRig_QuarterCircle_3mm.ubulk" 241
"../../../Engine/Plugins/Animation/ControlRig/Content/Controls/ControlRig_QuarterCircle_3mm.uasset" 242
"../../../Engine/Plugins/Animation/ControlRig/Content/Controls/ControlRig_QuarterCircle_3mm.uexp" 243
"../../../Engine/Plugins/Animation/ControlRig/Content/Controls/ControlRig_QuarterCircle_1mm.ubulk" 244
"../../../Engine/Plugins/Animation/ControlRig/Content/Controls/ControlRig_QuarterCircle_1mm.uasset" 245
"../../../Engine/Plugins/Animation/ControlRig/Content/Controls/ControlRig_QuarterCircle_1mm.uexp" 246
"../../../Engine/Plugins/Animation/ControlRig/Content/Controls/ControlRig_Pyramid_solid.ubulk" 247
"../../../Engine/Plugins/Animation/ControlRig/Content/Controls/ControlRig_Pyramid_solid.uasset" 248
"../../../Engine/Plugins/Animation/ControlRig/Content/Controls/ControlRig_Pyramid_solid.uexp" 249
"../../../Engine/Plugins/Animation/ControlRig/Content/Controls/ControlRig_Pyramid_3mm.ubulk" 250
"../../../Engine/Plugins/Animation/ControlRig/Content/Controls/ControlRig_Pyramid_3mm.uasset" 251
"../../../Engine/Plugins/Animation/ControlRig/Content/Controls/ControlRig_Pyramid_3mm.uexp" 252
"../../../Engine/Plugins/Animation/ControlRig/Content/Controls/ControlRig_Pyramid_1mm.ubulk" 253
"../../../Engine/Plugins/Animation/ControlRig/Content/Controls/ControlRig_Pyramid_1mm.uasset" 254
"../../../Engine/Plugins/Animation/ControlRig/Content/Controls/ControlRig_Pyramid_1mm.uexp" 255
"../../../Engine/Plugins/Animation/ControlRig/Content/Controls/ControlRig_Octagon_solid.ubulk" 256
"../../../Engine/Plugins/Animation/ControlRig/Content/Controls/ControlRig_Octagon_solid.uasset" 257
"../../../Engine/Plugins/Animation/ControlRig/Content/Controls/ControlRig_Octagon_solid.uexp" 258
"../../../Engine/Plugins/Animation/ControlRig/Content/Controls/ControlRig_Octagon_3mm.ubulk" 259
"../../../Engine/Plugins/Animation/ControlRig/Content/Controls/ControlRig_Octagon_3mm.uasset" 260
"../../../Engine/Plugins/Animation/ControlRig/Content/Controls/ControlRig_Octagon_3mm.uexp" 261
"../../../Engine/Plugins/Animation/ControlRig/Content/Controls/ControlRig_Octagon_1mm.ubulk" 262
"../../../Engine/Plugins/Animation/ControlRig/Content/Controls/ControlRig_Octagon_1mm.uasset" 263
"../../../Engine/Plugins/Animation/ControlRig/Content/Controls/ControlRig_Octagon_1mm.uexp" 264
"../../../Engine/Plugins/Animation/ControlRig/Content/Controls/ControlRig_Hexagon_solid.ubulk" 265
"../../../Engine/Plugins/Animation/ControlRig/Content/Controls/ControlRig_Hexagon_solid.uasset" 266
"../../../Engine/Plugins/Animation/ControlRig/Content/Controls/ControlRig_Hexagon_solid.uexp" 267
"../../../Engine/Plugins/Animation/ControlRig/Content/Controls/ControlRig_Hexagon_3mm.ubulk" 268
"../../../Engine/Plugins/Animation/ControlRig/Content/Controls/ControlRig_Hexagon_3mm.uasset" 269
"../../../Engine/Plugins/Animation/ControlRig/Content/Controls/ControlRig_Hexagon_3mm.uexp" 270
"../../../Engine/Plugins/Animation/ControlRig/Content/Controls/ControlRig_Hexagon_1mm.ubulk" 271
"../../../Engine/Plugins/Animation/ControlRig/Content/Controls/ControlRig_Hexagon_1mm.uasset" 272
"../../../Engine/Plugins/Animation/ControlRig/Content/Controls/ControlRig_Hexagon_1mm.uexp" 273
"../../../Engine/Plugins/Animation/ControlRig/Content/Controls/ControlRig_HalfCircle_solid.ubulk" 274
"../../../Engine/Plugins/Animation/ControlRig/Content/Controls/ControlRig_HalfCircle_solid.uasset" 275
"../../../Engine/Plugins/Animation/ControlRig/Content/Controls/ControlRig_HalfCircle_solid.uexp" 276
"../../../Engine/Plugins/Animation/ControlRig/Content/Controls/ControlRig_HalfCircle_3mm.ubulk" 277
"../../../Engine/Plugins/Animation/ControlRig/Content/Controls/ControlRig_HalfCircle_3mm.uasset" 278
"../../../Engine/Plugins/Animation/ControlRig/Content/Controls/ControlRig_HalfCircle_3mm.uexp" 279
"../../../Engine/Plugins/Animation/ControlRig/Content/Controls/ControlRig_HalfCircle_1mm.ubulk" 280
"../../../Engine/Plugins/Animation/ControlRig/Content/Controls/ControlRig_HalfCircle_1mm.uasset" 281
"../../../Engine/Plugins/Animation/ControlRig/Content/Controls/ControlRig_HalfCircle_1mm.uexp" 282
"../../../Engine/Plugins/Animation/ControlRig/Content/Controls/ControlRig_Diamond_solid.ubulk" 283
"../../../Engine/Plugins/Animation/ControlRig/Content/Controls/ControlRig_Diamond_solid.uasset" 284
"../../../Engine/Plugins/Animation/ControlRig/Content/Controls/ControlRig_Diamond_solid.uexp" 285
"../../../Engine/Plugins/Animation/ControlRig/Content/Controls/ControlRig_Diamond_3mm.ubulk" 286
"../../../Engine/Plugins/Animation/ControlRig/Content/Controls/ControlRig_Diamond_3mm.uasset" 287
"../../../Engine/Plugins/Animation/ControlRig/Content/Controls/ControlRig_Diamond_3mm.uexp" 288
"../../../Engine/Plugins/Runtime/MeshModelingToolset/Content/Materials/M_DynamicMeshComponentVtxColor.uasset" 289
"../../../Engine/Plugins/Runtime/MeshModelingToolset/Content/Materials/M_DynamicMeshComponentVtxColor.uexp" 290
"../../../Engine/Plugins/Interchange/Runtime/Content/Pipelines/DefaultTexturePipeline.uasset" 291
"../../../Engine/Plugins/Interchange/Runtime/Content/Pipelines/DefaultTexturePipeline.uexp" 292
"../../../Engine/Plugins/Interchange/Runtime/Content/Pipelines/DefaultSceneLevelPipeline.uasset" 293
"../../../Engine/Plugins/Interchange/Runtime/Content/Pipelines/DefaultSceneLevelPipeline.uexp" 294
"../../../Engine/Plugins/Interchange/Runtime/Content/Pipelines/DefaultSceneAssetsPipeline.uasset" 295
"../../../Engine/Plugins/Interchange/Runtime/Content/Pipelines/DefaultSceneAssetsPipeline.uexp" 296
"../../../Engine/Plugins/Interchange/Runtime/Content/Pipelines/DefaultMaterialPipeline.uasset" 297
"../../../Engine/Plugins/Interchange/Runtime/Content/Pipelines/DefaultMaterialPipeline.uexp" 298
"../../../Engine/Plugins/Interchange/Runtime/Content/Pipelines/DefaultAssetsPipeline.uasset" 299
"../../../Engine/Plugins/Interchange/Runtime/Content/Pipelines/DefaultAssetsPipeline.uexp" 300
"../../../Engine/Plugins/Editor/SpeedTreeImporter/Content/SpeedTree9/game_wind_noise.ubulk" 301
"../../../Engine/Plugins/Editor/SpeedTreeImporter/Content/SpeedTree9/game_wind_noise.uasset" 302
"../../../Engine/Plugins/Editor/SpeedTreeImporter/Content/SpeedTree9/game_wind_noise.uexp" 303
"../../../Engine/Plugins/Editor/SpeedTreeImporter/Content/SpeedTree9/UnpackDirection.uasset" 304
"../../../Engine/Plugins/Editor/SpeedTreeImporter/Content/SpeedTree9/UnpackDirection.uexp" 305
"../../../Engine/Content/Functions/Engine_MaterialFunctions02/ObjectLocalBounds.uasset" 306
"../../../Engine/Content/Functions/Engine_MaterialFunctions02/ObjectLocalBounds.uexp" 307
"../../../Engine/Content/Functions/Engine_MaterialFunctions02/Utility/BreakOutFloat3Components.uasset" 308
"../../../Engine/Content/Functions/Engine_MaterialFunctions02/Utility/BreakOutFloat3Components.uexp" 309
"../../../Engine/Content/Functions/Engine_MaterialFunctions02/UVs/BoundingBoxBased_0-1_UVW.uasset" 310
"../../../Engine/Content/Functions/Engine_MaterialFunctions02/UVs/BoundingBoxBased_0-1_UVW.uexp" 311
"../../../Engine/Content/Functions/Engine_MaterialFunctions02/Utility/VectorLength.uasset" 312
"../../../Engine/Content/Functions/Engine_MaterialFunctions02/Utility/VectorLength.uexp" 313
"../../../Engine/Plugins/Editor/SpeedTreeImporter/Content/SpeedTree9/UnpackInteger3.uasset" 314
"../../../Engine/Plugins/Editor/SpeedTreeImporter/Content/SpeedTree9/UnpackInteger3.uexp" 315
"../../../Engine/Plugins/Editor/SpeedTreeImporter/Content/SpeedTree9/SpeedTreeCameraFacing.uasset" 316
"../../../Engine/Plugins/Editor/SpeedTreeImporter/Content/SpeedTree9/SpeedTreeCameraFacing.uexp" 317
"../../../Engine/Content/Functions/Engine_MaterialFunctions02/WorldPositionOffset/ObjectScale.uasset" 318
"../../../Engine/Content/Functions/Engine_MaterialFunctions02/WorldPositionOffset/ObjectScale.uexp" 319
"../../../Engine/Content/Functions/Engine_MaterialFunctions02/SafeNormalize.uasset" 320
"../../../Engine/Content/Functions/Engine_MaterialFunctions02/SafeNormalize.uexp" 321
"../../../Engine/Plugins/Editor/SpeedTreeImporter/Content/SpeedTree9/SpeedTreeWindMotion.uasset" 322
"../../../Engine/Plugins/Editor/SpeedTreeImporter/Content/SpeedTree9/SpeedTreeWindMotion.uexp" 323
"../../../Engine/Plugins/Editor/SpeedTreeImporter/Content/SpeedTree9/SpeedTreeBranchMotion.uasset" 324
"../../../Engine/Plugins/Editor/SpeedTreeImporter/Content/SpeedTree9/SpeedTreeBranchMotion.uexp" 325
"../../../Engine/Plugins/Editor/SpeedTreeImporter/Content/SpeedTree9/SpeedTreeWind.uasset" 326
"../../../Engine/Plugins/Editor/SpeedTreeImporter/Content/SpeedTree9/SpeedTreeWind.uexp" 327
"../../../Engine/Plugins/Editor/SpeedTreeImporter/Content/SpeedTree9/EmptyNormal.uasset" 328
"../../../Engine/Plugins/Editor/SpeedTreeImporter/Content/SpeedTree9/EmptyNormal.uexp" 329
"../../../Engine/Plugins/Editor/SpeedTreeImporter/Content/SpeedTree9/Empty.uasset" 330
"../../../Engine/Plugins/Editor/SpeedTreeImporter/Content/SpeedTree9/Empty.uexp" 331
"../../../Engine/Plugins/Editor/SpeedTreeImporter/Content/SpeedTree9/SpeedTreeMaster.uasset" 332
"../../../Engine/Plugins/Editor/SpeedTreeImporter/Content/SpeedTree9/SpeedTreeMaster.uexp" 333
"../../../Engine/Plugins/Editor/SpeedTreeImporter/Content/SpeedTree9/SpeedTreeBillboard.uasset" 334
"../../../Engine/Plugins/Editor/SpeedTreeImporter/Content/SpeedTree9/SpeedTreeBillboard.uexp" 335
"../../../Engine/Plugins/Editor/SpeedTreeImporter/Content/SpeedTree9/SpeedTreeBillboardMaster.uasset" 336
"../../../Engine/Plugins/Editor/SpeedTreeImporter/Content/SpeedTree9/SpeedTreeBillboardMaster.uexp" 337
"../../../Engine/Plugins/Animation/ControlRig/Content/Controls/ControlRig_Diamond_1mm.ubulk" 338
"../../../Engine/Plugins/Animation/ControlRig/Content/Controls/ControlRig_Diamond_1mm.uasset" 339
"../../../Engine/Plugins/Animation/ControlRig/Content/Controls/ControlRig_Diamond_1mm.uexp" 340
"../../../Engine/Plugins/Animation/ControlRig/Content/Controls/ControlRig_Circle_solid.ubulk" 341
"../../../Engine/Plugins/Animation/ControlRig/Content/Controls/ControlRig_Circle_solid.uasset" 342
"../../../Engine/Plugins/Animation/ControlRig/Content/Controls/ControlRig_Circle_solid.uexp" 343
"../../../Engine/Plugins/Animation/ControlRig/Content/Controls/ControlRig_Circle_3mm.ubulk" 344
"../../../Engine/Plugins/Animation/ControlRig/Content/Controls/ControlRig_Circle_3mm.uasset" 345
"../../../Engine/Plugins/Animation/ControlRig/Content/Controls/ControlRig_Circle_3mm.uexp" 346
"../../../Engine/Plugins/Animation/ControlRig/Content/Controls/ControlRig_Circle_1mm.ubulk" 347
"../../../Engine/Plugins/Animation/ControlRig/Content/Controls/ControlRig_Circle_1mm.uasset" 348
"../../../Engine/Plugins/Animation/ControlRig/Content/Controls/ControlRig_Circle_1mm.uexp" 349
"../../../Engine/Plugins/Animation/ControlRig/Content/Controls/ControlRig_Box_solid.ubulk" 350
"../../../Engine/Plugins/Animation/ControlRig/Content/Controls/ControlRig_Box_solid.uasset" 351
"../../../Engine/Plugins/Animation/ControlRig/Content/Controls/ControlRig_Box_solid.uexp" 352
"../../../Engine/Plugins/Animation/ControlRig/Content/Controls/ControlRig_Box_3mm.ubulk" 353
"../../../Engine/Plugins/Animation/ControlRig/Content/Controls/ControlRig_Box_3mm.uasset" 354
"../../../Engine/Plugins/Animation/ControlRig/Content/Controls/ControlRig_Box_3mm.uexp" 355
"../../../Engine/Plugins/Animation/ControlRig/Content/Controls/ControlRig_Box_1mm.ubulk" 356
"../../../Engine/Plugins/Animation/ControlRig/Content/Controls/ControlRig_Box_1mm.uasset" 357
"../../../Engine/Plugins/Animation/ControlRig/Content/Controls/ControlRig_Box_1mm.uexp" 358
"../../../Engine/Plugins/Animation/ControlRig/Content/Controls/ControlRig_Arrow_solid.ubulk" 359
"../../../Engine/Plugins/Animation/ControlRig/Content/Controls/ControlRig_Arrow_solid.uasset" 360
"../../../Engine/Plugins/Animation/ControlRig/Content/Controls/ControlRig_Arrow_solid.uexp" 361
"../../../Engine/Plugins/Animation/ControlRig/Content/Controls/ControlRig_Arrow_3mm.ubulk" 362
"../../../Engine/Plugins/Animation/ControlRig/Content/Controls/ControlRig_Arrow_3mm.uasset" 363
"../../../Engine/Plugins/Animation/ControlRig/Content/Controls/ControlRig_Arrow_3mm.uexp" 364
"../../../Engine/Plugins/Animation/ControlRig/Content/Controls/ControlRig_Arrow_1mm.ubulk" 365
"../../../Engine/Plugins/Animation/ControlRig/Content/Controls/ControlRig_Arrow_1mm.uasset" 366
"../../../Engine/Plugins/Animation/ControlRig/Content/Controls/ControlRig_Arrow_1mm.uexp" 367
"../../../Engine/Plugins/Animation/ControlRig/Content/Controls/ControlRig_Arrow4_solid.ubulk" 368
"../../../Engine/Plugins/Animation/ControlRig/Content/Controls/ControlRig_Arrow4_solid.uasset" 369
"../../../Engine/Plugins/Animation/ControlRig/Content/Controls/ControlRig_Arrow4_solid.uexp" 370
"../../../Engine/Plugins/Animation/ControlRig/Content/Controls/ControlRig_Arrow4_3mm.ubulk" 371
"../../../Engine/Plugins/Animation/ControlRig/Content/Controls/ControlRig_Arrow4_3mm.uasset" 372
"../../../Engine/Plugins/Animation/ControlRig/Content/Controls/ControlRig_Arrow4_3mm.uexp" 373
"../../../Engine/Plugins/Animation/ControlRig/Content/Controls/ControlRig_Arrow4_1mm.ubulk" 374
"../../../Engine/Plugins/Animation/ControlRig/Content/Controls/ControlRig_Arrow4_1mm.uasset" 375
"../../../Engine/Plugins/Animation/ControlRig/Content/Controls/ControlRig_Arrow4_1mm.uexp" 376
"../../../Engine/Plugins/Animation/ControlRig/Content/Controls/ControlRig_Arrow2_solid.ubulk" 377
"../../../Engine/Plugins/Animation/ControlRig/Content/Controls/ControlRig_Arrow2_solid.uasset" 378
"../../../Engine/Plugins/Animation/ControlRig/Content/Controls/ControlRig_Arrow2_solid.uexp" 379
"../../../Engine/Plugins/Animation/ControlRig/Content/Controls/ControlRig_Arrow2_3mm.ubulk" 380
"../../../Engine/Plugins/Animation/ControlRig/Content/Controls/ControlRig_Arrow2_3mm.uasset" 381
"../../../Engine/Plugins/Animation/ControlRig/Content/Controls/ControlRig_Arrow2_3mm.uexp" 382
"../../../Engine/Plugins/Animation/ControlRig/Content/Controls/ControlRig_Arrow2_1mm.ubulk" 383
"../../../Engine/Plugins/Animation/ControlRig/Content/Controls/ControlRig_Arrow2_1mm.uasset" 384
"../../../Engine/Plugins/Animation/ControlRig/Content/Controls/ControlRig_Arrow2_1mm.uexp" 385
"../../../Engine/Plugins/Animation/ControlRig/Content/Controls/ControlRigXRayMaterial.uasset" 386
"../../../Engine/Plugins/Animation/ControlRig/Content/Controls/ControlRigXRayMaterial.uexp" 387
"../../../Engine/Plugins/Animation/ControlRig/Content/Controls/ControlRigGizmoMaterial.uasset" 388
"../../../Engine/Plugins/Animation/ControlRig/Content/Controls/ControlRigGizmoMaterial.uexp" 389
"../../../Engine/Content/EngineResources/WhiteSquareTexture.uasset" 390
"../../../Engine/Content/EngineResources/WhiteSquareTexture.uexp" 391
"../../../Engine/Content/EngineMaterials/Widget3DPassThrough.uasset" 392
"../../../Engine/Content/EngineMaterials/Widget3DPassThrough.uexp" 393
"../../../Engine/Content/EngineMaterials/Widget3DPassThrough_Translucent.uasset" 394
"../../../Engine/Content/EngineMaterials/Widget3DPassThrough_Translucent.uexp" 395
"../../../Engine/Content/EngineMaterials/Widget3DPassThrough_Translucent_OneSided.uasset" 396
"../../../Engine/Content/EngineMaterials/Widget3DPassThrough_Translucent_OneSided.uexp" 397
"../../../Engine/Content/EngineMaterials/Widget3DPassThrough_Opaque.uasset" 398
"../../../Engine/Content/EngineMaterials/Widget3DPassThrough_Opaque.uexp" 399
"../../../Engine/Content/EngineMaterials/Widget3DPassThrough_Opaque_OneSided.uasset" 400
"../../../Engine/Content/EngineMaterials/Widget3DPassThrough_Opaque_OneSided.uexp" 401
"../../../Engine/Content/EngineMaterials/Widget3DPassThrough_Masked_OneSided.uasset" 402
"../../../Engine/Content/EngineMaterials/Widget3DPassThrough_Masked_OneSided.uexp" 403
"../../../Engine/Content/EngineMaterials/Widget3DPassThrough_Masked.uasset" 404
"../../../Engine/Content/EngineMaterials/Widget3DPassThrough_Masked.uexp" 405
"../../../Engine/Content/EngineMaterials/STBlueNoise_vec2_128x128x64.uasset" 406
"../../../Engine/Content/EngineMaterials/STBlueNoise_vec2_128x128x64.uexp" 407
"../../../Engine/Content/EngineMaterials/STBlueNoise_scalar_128x128x64.uasset" 408
"../../../Engine/Content/EngineMaterials/STBlueNoise_scalar_128x128x64.uexp" 409
"../../../Engine/Content/EngineMaterials/RemoveSurfaceMaterial.uasset" 410
"../../../Engine/Content/EngineMaterials/RemoveSurfaceMaterial.uexp" 411
"../../../Engine/Content/EngineMaterials/DefaultCalibrationGrayscale.uasset" 412
"../../../Engine/Content/EngineMaterials/DefaultCalibrationGrayscale.uexp" 413
"../../../Engine/Content/EngineMaterials/PPM_DefaultCalibrationGrayscale.uasset" 414
"../../../Engine/Content/EngineMaterials/PPM_DefaultCalibrationGrayscale.uexp" 415
"../../../Engine/Content/EngineMaterials/DefaultCalibrationColor.uasset" 416
"../../../Engine/Content/EngineMaterials/DefaultCalibrationColor.uexp" 417
"../../../Engine/Content/EngineMaterials/PPM_DefaultCalibrationColor.uasset" 418
"../../../Engine/Content/EngineMaterials/PPM_DefaultCalibrationColor.uexp" 419
"../../../Engine/Content/EngineMaterials/PhAT_JointLimitMaterial.uasset" 420
"../../../Engine/Content/EngineMaterials/PhAT_JointLimitMaterial.uexp" 421
"../../../Engine/Content/EngineMaterials/NaniteHiddenSectionMaterial.uasset" 422
"../../../Engine/Content/EngineMaterials/NaniteHiddenSectionMaterial.uexp" 423
"../../../Engine/Content/EngineMaterials/InvalidLightmapSettings.ubulk" 424
"../../../Engine/Content/EngineMaterials/InvalidLightmapSettings.uasset" 425
"../../../Engine/Content/EngineMaterials/InvalidLightmapSettings.uexp" 426
"../../../Engine/Content/EngineMaterials/M_InvalidLightmapSettings.uasset" 427
"../../../Engine/Content/EngineMaterials/M_InvalidLightmapSettings.uexp" 428
"../../../Engine/Content/EngineMaterials/GizmoMaterial.uasset" 429
"../../../Engine/Content/EngineMaterials/GizmoMaterial.uexp" 430
"../../../Engine/Content/EngineMaterials/BaseFlattenEmissiveMap_VT.uasset" 431
"../../../Engine/Content/EngineMaterials/BaseFlattenEmissiveMap_VT.uexp" 432
"../../../Engine/Content/EngineMaterials/BaseFlattenGrayscaleMap_VT.uasset" 433
"../../../Engine/Content/EngineMaterials/BaseFlattenGrayscaleMap_VT.uexp" 434
"../../../Engine/Content/EngineMaterials/BaseFlattenLinearColor_VT.uasset" 435
"../../../Engine/Content/EngineMaterials/BaseFlattenLinearColor_VT.uexp" 436
"../../../Engine/Content/EngineMaterials/Black_1x1_EXR_Texture_VT.uasset" 437
"../../../Engine/Content/EngineMaterials/Black_1x1_EXR_Texture_VT.uexp" 438
"../../../Engine/Content/EngineMaterials/BaseFlattenDiffuseMap_VT.uasset" 439
"../../../Engine/Content/EngineMaterials/BaseFlattenDiffuseMap_VT.uexp" 440
"../../../Engine/Content/EngineMaterials/BaseFlattenNormalMap_VT.uasset" 441
"../../../Engine/Content/EngineMaterials/BaseFlattenNormalMap_VT.uexp" 442
"../../../Engine/Content/EngineMaterials/FlattenMaterial_WS_Normal_VT.uasset" 443
"../../../Engine/Content/EngineMaterials/FlattenMaterial_WS_Normal_VT.uexp" 444
"../../../Engine/Content/EngineMaterials/FlattenMaterial_VT.uasset" 445
"../../../Engine/Content/EngineMaterials/FlattenMaterial_VT.uexp" 446
"../../../Engine/Content/EngineMaterials/BaseFlattenNormalMap.uasset" 447
"../../../Engine/Content/EngineMaterials/BaseFlattenNormalMap.uexp" 448
"../../../Engine/Content/EngineMaterials/BaseFlattenGrayscaleMap.uasset" 449
"../../../Engine/Content/EngineMaterials/BaseFlattenGrayscaleMap.uexp" 450
"../../../Engine/Content/EngineMaterials/BaseFlattenDiffuseMap.uasset" 451
"../../../Engine/Content/EngineMaterials/BaseFlattenDiffuseMap.uexp" 452
"../../../Engine/Content/Functions/Engine_MaterialFunctions02/PivotPainter2/Black_1x1_EXR_Texture.uasset" 453
"../../../Engine/Content/Functions/Engine_MaterialFunctions02/PivotPainter2/Black_1x1_EXR_Texture.uexp" 454
"../../../Engine/Content/EngineMaterials/BaseFlattenEmissiveMap.uasset" 455
"../../../Engine/Content/EngineMaterials/BaseFlattenEmissiveMap.uexp" 456
"../../../Engine/Content/EngineMaterials/BaseFlattenLinearColor.uasset" 457
"../../../Engine/Content/EngineMaterials/BaseFlattenLinearColor.uexp" 458
"../../../Engine/Content/EngineMaterials/FlattenMaterial.uasset" 459
"../../../Engine/Content/EngineMaterials/FlattenMaterial.uexp" 460
"../../../Engine/Content/EngineMaterials/DefaultWhiteGrid_Low.uasset" 461
"../../../Engine/Content/EngineMaterials/DefaultWhiteGrid_Low.uexp" 462
"../../../Engine/Content/EngineMaterials/EmissiveMeshMaterial.uasset" 463
"../../../Engine/Content/EngineMaterials/EmissiveMeshMaterial.uexp" 464
"../../../Engine/Content/EngineFonts/RobotoDistanceField.uasset" 465
"../../../Engine/Content/EngineFonts/RobotoDistanceField.uexp" 466
"../../../Engine/Content/EngineMaterials/DefaultTextMaterialOpaque.uasset" 467
"../../../Engine/Content/EngineMaterials/DefaultTextMaterialOpaque.uexp" 468
"../../../Engine/Content/EngineMaterials/DefaultDiffuse.ubulk" 469
"../../../Engine/Content/EngineMaterials/DefaultDiffuse.uasset" 470
"../../../Engine/Content/EngineMaterials/DefaultDiffuse.uexp" 471
"../../../Engine/Content/Functions/Engine_MaterialFunctions02/Utility/BreakOutFloat2Components.uasset" 472
"../../../Engine/Content/Functions/Engine_MaterialFunctions02/Utility/BreakOutFloat2Components.uexp" 473
"../../../Engine/Content/EngineMaterials/DefaultPostProcessMaterial.uasset" 474
"../../../Engine/Content/EngineMaterials/DefaultPostProcessMaterial.uexp" 475
"../../../Engine/Content/EngineMaterials/DefaultPhysicalMaterial.uasset" 476
"../../../Engine/Content/EngineMaterials/DefaultPhysicalMaterial.uexp" 477
"../../../Engine/Content/EngineMaterials/DefaultLightFunctionMaterial.uasset" 478
"../../../Engine/Content/EngineMaterials/DefaultLightFunctionMaterial.uexp" 479
"../../../Engine/Content/EngineMaterials/DefaultDestructiblePhysicalMaterial.uasset" 480
"../../../Engine/Content/EngineMaterials/DefaultDestructiblePhysicalMaterial.uexp" 481
"../../../Engine/Content/EngineMaterials/DefaultDeferredDecalMaterial.uasset" 482
"../../../Engine/Content/EngineMaterials/DefaultDeferredDecalMaterial.uexp" 483
"../../../Engine/Content/EngineMaterials/DefaultBloomKernel.uasset" 484
"../../../Engine/Content/EngineMaterials/DefaultBloomKernel.uexp" 485
"../../../Engine/Content/Functions/Engine_MaterialFunctions02/Utility/CameraDirectionVector.uasset" 486
"../../../Engine/Content/Functions/Engine_MaterialFunctions02/Utility/CameraDirectionVector.uexp" 487
"../../../Engine/Content/EngineDebugMaterials/VolumeToRender.uasset" 488
"../../../Engine/Content/EngineDebugMaterials/VolumeToRender.uexp" 489
"../../../Engine/Content/EngineDebugMaterials/M_VolumeRenderSphereTracePP.uasset" 490
"../../../Engine/Content/EngineDebugMaterials/M_VolumeRenderSphereTracePP.uexp" 491
"../../../Engine/Content/EngineDebugMaterials/M_SimpleUnlitTranslucent.uasset" 492
"../../../Engine/Content/EngineDebugMaterials/M_SimpleUnlitTranslucent.uexp" 493
"../../../Engine/Content/EngineDebugMaterials/DebugMeshMaterial.uasset" 494
"../../../Engine/Content/EngineDebugMaterials/DebugMeshMaterial.uexp" 495
"../../../Engine/Content/EngineDebugMaterials/DebugEditorMaterial.uasset" 496
"../../../Engine/Content/EngineDebugMaterials/DebugEditorMaterial.uexp" 497
"../../../Engine/Content/EngineDamageTypes/DmgTypeBP_Environmental.uasset" 498
"../../../Engine/Content/EngineDamageTypes/DmgTypeBP_Environmental.uexp" 499
"../../../Engine/Content/EditorResources/BSPVertex.uasset" 500
"../../../Engine/Content/EditorResources/BSPVertex.uexp" 501
"../../../Engine/Content/EditorMaterials/PreviewShadowIndicator.ubulk" 502
"../../../Engine/Content/EditorMaterials/PreviewShadowIndicator.uasset" 503
"../../../Engine/Content/EditorMaterials/PreviewShadowIndicator.uexp" 504
"../../../Engine/Content/EditorMaterials/PreviewShadowIndicatorMaterial.uasset" 505
"../../../Engine/Content/EditorMaterials/PreviewShadowIndicatorMaterial.uexp" 506
"../../../Engine/Content/EditorMaterials/PhAT_UnselectedMaterial.uasset" 507
"../../../Engine/Content/EditorMaterials/PhAT_UnselectedMaterial.uexp" 508
"../../../Engine/Content/EditorMaterials/PhAT_NoCollisionMaterial.uasset" 509
"../../../Engine/Content/EditorMaterials/PhAT_NoCollisionMaterial.uexp" 510
"../../../Engine/Content/EditorLandscapeResources/DefaultAlphaTexture.uasset" 511
"../../../Engine/Content/EditorLandscapeResources/DefaultAlphaTexture.uexp" 512
"../../../Engine/Content/EditorLandscapeResources/DataLayer.uasset" 513
"../../../Engine/Content/EditorLandscapeResources/DataLayer.uexp" 514
"../../../Engine/Content/EditorResources/SequenceRecorder/RecordingIndicator.uasset" 515
"../../../Engine/Content/EditorResources/SequenceRecorder/RecordingIndicator.uexp" 516
"../../../Engine/Content/EditorResources/SequenceRecorder/Countdown.uasset" 517
"../../../Engine/Content/EditorResources/SequenceRecorder/Countdown.uexp" 518
"../../../Engine/Content/MobileResources/HUD/VirtualJoystick_Background.uasset" 519
"../../../Engine/Content/MobileResources/HUD/VirtualJoystick_Background.uexp" 520
"../../../Engine/Content/MobileResources/HUD/VirtualJoystick_Thumb.uasset" 521
"../../../Engine/Content/MobileResources/HUD/VirtualJoystick_Thumb.uexp" 522
"../../../Engine/Content/MobileResources/HUD/DefaultVirtualJoysticks.uasset" 523
"../../../Engine/Content/MobileResources/HUD/DefaultVirtualJoysticks.uexp" 524
"../../../Engine/Content/EngineSky/VolumetricClouds/CloudWeatherTexture.uasset" 525
"../../../Engine/Content/EngineSky/VolumetricClouds/CloudWeatherTexture.uexp" 526
"../../../Engine/Content/Functions/Engine_MaterialFunctions02/Utility/MakeFloat2.uasset" 527
"../../../Engine/Content/Functions/Engine_MaterialFunctions02/Utility/MakeFloat2.uexp" 528
"../../../Engine/Content/EngineSky/VolumetricClouds/CloudGradientTexture.uasset" 529
"../../../Engine/Content/EngineSky/VolumetricClouds/CloudGradientTexture.uexp" 530
"../../../Engine/Content/EngineSky/VolumetricClouds/T_NoiseShape64.ubulk" 531
"../../../Engine/Content/EngineSky/VolumetricClouds/T_NoiseShape64.uasset" 532
"../../../Engine/Content/EngineSky/VolumetricClouds/T_NoiseShape64.uexp" 533
"../../../Engine/Content/EngineSky/VolumetricClouds/T_VolumeNoiseShape64.uasset" 534
"../../../Engine/Content/EngineSky/VolumetricClouds/T_VolumeNoiseShape64.uexp" 535
"../../../Engine/Content/EngineSky/VolumetricClouds/T_NoiseErosion.ubulk" 536
"../../../Engine/Content/EngineSky/VolumetricClouds/T_NoiseErosion.uasset" 537
"../../../Engine/Content/EngineSky/VolumetricClouds/T_NoiseErosion.uexp" 538
"../../../Engine/Content/EngineSky/VolumetricClouds/T_VolumeNoiseErosion32.uasset" 539
"../../../Engine/Content/EngineSky/VolumetricClouds/T_VolumeNoiseErosion32.uexp" 540
"../../../Engine/Content/EngineSky/VolumetricClouds/m_SimpleVolumetricCloud.uasset" 541
"../../../Engine/Content/EngineSky/VolumetricClouds/m_SimpleVolumetricCloud.uexp" 542
"../../../Engine/Content/EngineSky/VolumetricClouds/m_SimpleVolumetricCloud_Inst.uasset" 543
"../../../Engine/Content/EngineSky/VolumetricClouds/m_SimpleVolumetricCloud_Inst.uexp" 544
"../../../Engine/Content/EngineResources/FilmGrains/Marcie_Grain_v3_128_M2_000.uasset" 545
"../../../Engine/Content/EngineResources/FilmGrains/Marcie_Grain_v3_128_M2_000.uexp" 546
"../../../Engine/Content/Functions/Engine_MaterialFunctions01/Shading/PowerToRoughness.uasset" 547
"../../../Engine/Content/Functions/Engine_MaterialFunctions01/Shading/PowerToRoughness.uexp" 548
"../../../Engine/Content/Functions/Engine_MaterialFunctions01/Shading/ConvertFromDiffSpec.uasset" 549
"../../../Engine/Content/Functions/Engine_MaterialFunctions01/Shading/ConvertFromDiffSpec.uexp" 550
"../../../Engine/Content/EngineFonts/Faces/RobotoLight.uexp" 551
"../../../Engine/Content/EngineFonts/Faces/RobotoLight.uasset" 552
"../../../Engine/Content/EngineFonts/Faces/RobotoLight.ufont" 553
"../../../Engine/Content/EngineFonts/Faces/RobotoBold.uexp" 554
"../../../Engine/Content/EngineFonts/Faces/RobotoBold.uasset" 555
"../../../Engine/Content/EngineFonts/Faces/RobotoBold.ufont" 556
"../../../Engine/Content/EngineFonts/Faces/RobotoRegular.uexp" 557
"../../../Engine/Content/EngineFonts/Faces/RobotoRegular.uasset" 558
"../../../Engine/Content/EngineFonts/Faces/RobotoRegular.ufont" 559
"../../../Engine/Content/EngineFonts/Faces/DroidSansFallback.uexp" 560
"../../../Engine/Content/EngineFonts/Faces/DroidSansFallback.uasset" 561
"../../../Engine/Content/EngineFonts/Faces/DroidSansFallback.ufont" 562
"../../../Engine/Content/EngineFonts/Faces/RobotoItalic.uexp" 563
"../../../Engine/Content/EngineFonts/Faces/RobotoItalic.uasset" 564
"../../../Engine/Content/EngineFonts/Faces/RobotoItalic.ufont" 565
"../../../Engine/Content/EngineFonts/Faces/RobotoBoldItalic.uexp" 566
"../../../Engine/Content/EngineFonts/Faces/RobotoBoldItalic.uasset" 567
"../../../Engine/Content/EngineFonts/Faces/RobotoBoldItalic.ufont" 568
"../../../Engine/Content/EngineFonts/Roboto.uasset" 569
"../../../Engine/Content/EngineFonts/Roboto.uexp" 570
"C:/Users/Levonze/Documents/Unreal Projects/ElLProgram/Content/MainRichText_DT.uasset" 571
"C:/Users/Levonze/Documents/Unreal Projects/ElLProgram/Content/MainRichText_DT.uexp" 572
"C:/Users/Levonze/Documents/Unreal Projects/ElLProgram/Content/Table.uasset" 573
"C:/Users/Levonze/Documents/Unreal Projects/ElLProgram/Content/Table.uexp" 574
"C:/Users/Levonze/Documents/Unreal Projects/ElLProgram/Content/Table_UI.uasset" 575
"C:/Users/Levonze/Documents/Unreal Projects/ElLProgram/Content/Table_UI.uexp" 576
"C:/Users/Levonze/Documents/Unreal Projects/ElLProgram/Content/Table44_UI.uasset" 577
"C:/Users/Levonze/Documents/Unreal Projects/ElLProgram/Content/Table44_UI.uexp" 578
"C:/Users/Levonze/Documents/Unreal Projects/ElLProgram/Content/Tasks/MainTask_UI.uasset" 579
"C:/Users/Levonze/Documents/Unreal Projects/ElLProgram/Content/Tasks/MainTask_UI.uexp" 580
"C:/Users/Levonze/Documents/Unreal Projects/ElLProgram/Content/Theory/Theory_UI.uasset" 581
"C:/Users/Levonze/Documents/Unreal Projects/ElLProgram/Content/Theory/Theory_UI.uexp" 582
"C:/Users/Levonze/Documents/Unreal Projects/ElLProgram/Content/Main.uexp" 583
"C:/Users/Levonze/Documents/Unreal Projects/ElLProgram/Content/Main.umap" 584
"../../../Engine/Content/Maps/Entry_BuiltData.uasset" 585
"../../../Engine/Content/Maps/Entry_BuiltData.uexp" 586
"../../../Engine/Content/Maps/Entry.uexp" 587
"../../../Engine/Content/Maps/Entry.umap" 588
